语法

    0 $accept: S $end

    1 S: S E '\n'
    2  | ε

    3 E: E '+' E
    4  | E '-' E
    5  | E '*' E
    6  | E '/' E
    7  | NUMBER
    8  | '(' E ')'


终结语词，附有它们出现处的规则

    $end (0) 0
    '\n' (10) 1
    '(' (40) 8
    ')' (41) 8
    '*' (42) 5
    '+' (43) 3
    '-' (45) 4
    '/' (47) 6
    error (256)
    NUMBER (258) 7


非终结语词，附有它们出现处的规则

    $accept (11)
        on left: 0
    S (12)
        on left: 1 2
        on right: 0 1
    E (13)
        on left: 3 4 5 6 7 8
        on right: 1 3 4 5 6 8


状态 0

    0 $accept: • S $end

    $default  使用规则 2 以归约 (S)

    S  转到状态 1


状态 1

    0 $accept: S • $end
    1 S: S • E '\n'

    $end    偏移，并进入状态 2
    NUMBER  偏移，并进入状态 3
    '('     偏移，并进入状态 4

    E  转到状态 5


状态 2

    0 $accept: S $end •

    $default  接受


状态 3

    7 E: NUMBER •

    $default  使用规则 7 以归约 (E)


状态 4

    8 E: '(' • E ')'

    NUMBER  偏移，并进入状态 3
    '('     偏移，并进入状态 4

    E  转到状态 6


状态 5

    1 S: S E • '\n'
    3 E: E • '+' E
    4  | E • '-' E
    5  | E • '*' E
    6  | E • '/' E

    '+'   偏移，并进入状态 7
    '-'   偏移，并进入状态 8
    '*'   偏移，并进入状态 9
    '/'   偏移，并进入状态 10
    '\n'  偏移，并进入状态 11


状态 6

    3 E: E • '+' E
    4  | E • '-' E
    5  | E • '*' E
    6  | E • '/' E
    8  | '(' E • ')'

    '+'  偏移，并进入状态 7
    '-'  偏移，并进入状态 8
    '*'  偏移，并进入状态 9
    '/'  偏移，并进入状态 10
    ')'  偏移，并进入状态 12


状态 7

    3 E: E '+' • E

    NUMBER  偏移，并进入状态 3
    '('     偏移，并进入状态 4

    E  转到状态 13


状态 8

    4 E: E '-' • E

    NUMBER  偏移，并进入状态 3
    '('     偏移，并进入状态 4

    E  转到状态 14


状态 9

    5 E: E '*' • E

    NUMBER  偏移，并进入状态 3
    '('     偏移，并进入状态 4

    E  转到状态 15


状态 10

    6 E: E '/' • E

    NUMBER  偏移，并进入状态 3
    '('     偏移，并进入状态 4

    E  转到状态 16


状态 11

    1 S: S E '\n' •

    $default  使用规则 1 以归约 (S)


状态 12

    8 E: '(' E ')' •

    $default  使用规则 8 以归约 (E)


状态 13

    3 E: E • '+' E
    3  | E '+' E •
    4  | E • '-' E
    5  | E • '*' E
    6  | E • '/' E

    '*'  偏移，并进入状态 9
    '/'  偏移，并进入状态 10

    $default  使用规则 3 以归约 (E)


状态 14

    3 E: E • '+' E
    4  | E • '-' E
    4  | E '-' E •
    5  | E • '*' E
    6  | E • '/' E

    '*'  偏移，并进入状态 9
    '/'  偏移，并进入状态 10

    $default  使用规则 4 以归约 (E)


状态 15

    3 E: E • '+' E
    4  | E • '-' E
    5  | E • '*' E
    5  | E '*' E •
    6  | E • '/' E

    $default  使用规则 5 以归约 (E)


状态 16

    3 E: E • '+' E
    4  | E • '-' E
    5  | E • '*' E
    6  | E • '/' E
    6  | E '/' E •

    $default  使用规则 6 以归约 (E)
