由于冲突，解析器中的规则不起作用

   88 call_without_return: ID LPARENT value_param_list RPARENT


状态 9冲突：1 项偏移/归约
状态 11冲突：2 项偏移/归约
状态 27冲突：1 项偏移/归约
状态 38冲突：1 项偏移/归约
状态 129冲突：2 项偏移/归约
状态 130冲突：2 项偏移/归约
状态 182冲突：1 项归约/归约


语法

    0 $accept: s $end

    1 s: s program
    2  | program

    3 add_cal: ADD
    4        | SUB

    5 mul_cal: MUL
    6        | DIV

    7 relation_cal: NEQ
    8             | EQL
    9             | LSS
   10             | GRE
   11             | LEQ
   12             | GEQ

   13 character: CHARACTER

   14 type: INT
   15     | CHAR

   16 string: STR

   17 program: declaration
   18        | function

   19 declaration: const_declaration
   20            | variable_declaration

   21 const_declaration: const_declaration const_definition SEMICOLON
   22                  | const_definition SEMICOLON

   23 const_definition: const_definition SEMICOLON CONST type const_assign
   24                 | CONST type const_assign

   25 const_assign: const_assign COMMA ID ASSIGN signed_number
   26             | ID ASSIGN signed_number
   27             | const_assign COMMA ID ASSIGN character
   28             | ID ASSIGN character

   29 unsigned_number: num_without_sign

   30 signed_number: num_with_sign

   31 num_with_sign: unsigned_number
   32              | ADD unsigned_number
   33              | SUB unsigned_number

   34 num_without_sign: NUMBER
   35                 | ZERO

   36 variable_declaration: variable_declaration variable_definition SEMICOLON
   37                     | variable_definition SEMICOLON

   38 variable_definition: type variable_assign

   39 variable_assign: variable_assign COMMA variable
   40                | variable

   41 variable: ID
   42         | ID LBRACK unsigned_number RBRACK

   43 function: void
   44         | general
   45         | main

   46 void: VOID ID LPARENT param_list RPARENT LBRACE complex_sentence RBRACE

   47 general: declaration_head LPARENT param_list RPARENT LBRACE complex_sentence RBRACE

   48 main: VOID MAIN LPARENT RPARENT LBRACE complex_sentence RBRACE

   49 declaration_head: type ID

   50 param_list: type param
   51           | ε

   52 param: ID
   53      | param COMMA type ID

   54 complex_sentence: const_declaration variable_declaration sentence_list

   55 expression: expression add_cal item
   56           | expr

   57 expr: add_cal item
   58     | item

   59 item: item mul_cal fact
   60     | fact

   61 fact: ID
   62     | ID LBRACK expression RBRACK
   63     | LPARENT expression RPARENT
   64     | signed_number
   65     | character
   66     | call_with_return

   67 sentence: condition_sentence SEMICOLON
   68         | circle_sentence SEMICOLON
   69         | LBRACE sentence_list RBRACE SEMICOLON
   70         | call_with_return SEMICOLON
   71         | call_without_return SEMICOLON
   72         | assign_sentence SEMICOLON
   73         | read_sentence SEMICOLON
   74         | write_sentence SEMICOLON
   75         | SEMICOLON
   76         | return_sentence SEMICOLON

   77 assign_sentence: ID ASSIGN expression
   78                | ID LBRACK expression RBRACK ASSIGN expression

   79 condition_sentence: IF LPARENT condition RPARENT sentence
   80                   | IF LPARENT condition RPARENT sentence ELSE sentence

   81 condition: expression relation_cal expression
   82          | expression

   83 circle_sentence: WHILE LPARENT condition RPARENT sentence
   84                | DO sentence WHILE LPARENT condition RPARENT
   85                | FOR LPARENT ID ASSIGN expression SEMICOLON condition SEMICOLON ID ASSIGN ID add_cal step RPARENT sentence

   86 step: unsigned_number

   87 call_with_return: ID LPARENT value_param_list RPARENT

   88 call_without_return: ID LPARENT value_param_list RPARENT

   89 value_param_list: table
   90                 | ε

   91 table: expression
   92      | table COMMA expression

   93 sentence_list: sentence_list sentence
   94              | ε

   95 read_sentence: SCAN LPARENT id_list RPARENT

   96 id_list: ID
   97        | id_list COMMA ID

   98 write_sentence: PRINT LPARENT string COMMA expression RPARENT
   99               | PRINT LPARENT string RPARENT
  100               | PRINT LPARENT expression RPARENT

  101 return_sentence: RETURN SEMICOLON
  102                | RETURN LPARENT expression RPARENT


终结语词，附有它们出现处的规则

    $end (0) 0
    error (256)
    STR (258) 16
    CHARACTER (259) 13
    CONST (260) 23 24
    INT (261) 14
    CHAR (262) 15
    VOID (263) 46 48
    MAIN (264) 48
    IF (265) 79 80
    ELSE (266) 80
    DO (267) 84
    WHILE (268) 83 84
    FOR (269) 85
    SCAN (270) 95
    PRINT (271) 98 99 100
    RETURN (272) 101 102
    ID (273) 25 26 27 28 41 42 46 49 52 53 61 62 77 78 85 87 88 96 97
    NUMBER (274) 34
    ZERO (275) 35
    LPARENT (276) 46 47 48 63 79 80 83 84 85 87 88 95 98 99 100 102
    RPARENT (277) 46 47 48 63 79 80 83 84 85 87 88 95 98 99 100 102
    LBRACE (278) 46 47 48 69
    RBRACE (279) 46 47 48 69
    RBRACK (280) 42 62 78
    LBRACK (281) 42 62 78
    SEMICOLON (282) 21 22 23 36 37 67 68 69 70 71 72 73 74 75 76 85 101
    COMMA (283) 25 27 39 53 92 97 98
    ASSIGN (284) 25 26 27 28 77 78 85
    NEQ (285) 7
    EQL (286) 8
    LSS (287) 9
    GRE (288) 10
    LEQ (289) 11
    GEQ (290) 12
    ADD (291) 3 32
    SUB (292) 4 33
    MUL (293) 5
    DIV (294) 6


非终结语词，附有它们出现处的规则

    $accept (40)
        on left: 0
    s (41)
        on left: 1 2
        on right: 0 1
    add_cal (42)
        on left: 3 4
        on right: 55 57 85
    mul_cal (43)
        on left: 5 6
        on right: 59
    relation_cal (44)
        on left: 7 8 9 10 11 12
        on right: 81
    character (45)
        on left: 13
        on right: 27 28 65
    type (46)
        on left: 14 15
        on right: 23 24 38 49 50 53
    string (47)
        on left: 16
        on right: 98 99
    program (48)
        on left: 17 18
        on right: 1 2
    declaration (49)
        on left: 19 20
        on right: 17
    const_declaration (50)
        on left: 21 22
        on right: 19 21 54
    const_definition (51)
        on left: 23 24
        on right: 21 22 23
    const_assign (52)
        on left: 25 26 27 28
        on right: 23 24 25 27
    unsigned_number (53)
        on left: 29
        on right: 31 32 33 42 86
    signed_number (54)
        on left: 30
        on right: 25 26 64
    num_with_sign (55)
        on left: 31 32 33
        on right: 30
    num_without_sign (56)
        on left: 34 35
        on right: 29
    variable_declaration (57)
        on left: 36 37
        on right: 20 36 54
    variable_definition (58)
        on left: 38
        on right: 36 37
    variable_assign (59)
        on left: 39 40
        on right: 38 39
    variable (60)
        on left: 41 42
        on right: 39 40
    function (61)
        on left: 43 44 45
        on right: 18
    void (62)
        on left: 46
        on right: 43
    general (63)
        on left: 47
        on right: 44
    main (64)
        on left: 48
        on right: 45
    declaration_head (65)
        on left: 49
        on right: 47
    param_list (66)
        on left: 50 51
        on right: 46 47
    param (67)
        on left: 52 53
        on right: 50 53
    complex_sentence (68)
        on left: 54
        on right: 46 47 48
    expression (69)
        on left: 55 56
        on right: 55 62 63 77 78 81 82 85 91 92 98 100 102
    expr (70)
        on left: 57 58
        on right: 56
    item (71)
        on left: 59 60
        on right: 55 57 58 59
    fact (72)
        on left: 61 62 63 64 65 66
        on right: 59 60
    sentence (73)
        on left: 67 68 69 70 71 72 73 74 75 76
        on right: 79 80 83 84 85 93
    assign_sentence (74)
        on left: 77 78
        on right: 72
    condition_sentence (75)
        on left: 79 80
        on right: 67
    condition (76)
        on left: 81 82
        on right: 79 80 83 84 85
    circle_sentence (77)
        on left: 83 84 85
        on right: 68
    step (78)
        on left: 86
        on right: 85
    call_with_return (79)
        on left: 87
        on right: 66 70
    call_without_return (80)
        on left: 88
        on right: 71
    value_param_list (81)
        on left: 89 90
        on right: 87 88
    table (82)
        on left: 91 92
        on right: 89 92
    sentence_list (83)
        on left: 93 94
        on right: 54 69 93
    read_sentence (84)
        on left: 95
        on right: 73
    id_list (85)
        on left: 96 97
        on right: 95 97
    write_sentence (86)
        on left: 98 99 100
        on right: 74
    return_sentence (87)
        on left: 101 102
        on right: 76


状态 0

    0 $accept: • s $end

    CONST  偏移，并进入状态 1
    INT    偏移，并进入状态 2
    CHAR   偏移，并进入状态 3
    VOID   偏移，并进入状态 4

    s                     转到状态 5
    type                  转到状态 6
    program               转到状态 7
    declaration           转到状态 8
    const_declaration     转到状态 9
    const_definition      转到状态 10
    variable_declaration  转到状态 11
    variable_definition   转到状态 12
    function              转到状态 13
    void                  转到状态 14
    general               转到状态 15
    main                  转到状态 16
    declaration_head      转到状态 17


状态 1

   24 const_definition: CONST • type const_assign

    INT   偏移，并进入状态 2
    CHAR  偏移，并进入状态 3

    type  转到状态 18


状态 2

   14 type: INT •

    $default  使用规则 14 以归约 (type)


状态 3

   15 type: CHAR •

    $default  使用规则 15 以归约 (type)


状态 4

   46 void: VOID • ID LPARENT param_list RPARENT LBRACE complex_sentence RBRACE
   48 main: VOID • MAIN LPARENT RPARENT LBRACE complex_sentence RBRACE

    MAIN  偏移，并进入状态 19
    ID    偏移，并进入状态 20


状态 5

    0 $accept: s • $end
    1 s: s • program

    $end   偏移，并进入状态 21
    CONST  偏移，并进入状态 1
    INT    偏移，并进入状态 2
    CHAR   偏移，并进入状态 3
    VOID   偏移，并进入状态 4

    type                  转到状态 6
    program               转到状态 22
    declaration           转到状态 8
    const_declaration     转到状态 9
    const_definition      转到状态 10
    variable_declaration  转到状态 11
    variable_definition   转到状态 12
    function              转到状态 13
    void                  转到状态 14
    general               转到状态 15
    main                  转到状态 16
    declaration_head      转到状态 17


状态 6

   38 variable_definition: type • variable_assign
   49 declaration_head: type • ID

    ID  偏移，并进入状态 23

    variable_assign  转到状态 24
    variable         转到状态 25


状态 7

    2 s: program •

    $default  使用规则 2 以归约 (s)


状态 8

   17 program: declaration •

    $default  使用规则 17 以归约 (program)


状态 9

   19 declaration: const_declaration •
   21 const_declaration: const_declaration • const_definition SEMICOLON

    CONST  偏移，并进入状态 1

    CONST     [使用规则 19 以归约 (declaration)]
    $default  使用规则 19 以归约 (declaration)

    const_definition  转到状态 26


状态 10

   22 const_declaration: const_definition • SEMICOLON
   23 const_definition: const_definition • SEMICOLON CONST type const_assign

    SEMICOLON  偏移，并进入状态 27


状态 11

   20 declaration: variable_declaration •
   36 variable_declaration: variable_declaration • variable_definition SEMICOLON

    INT   偏移，并进入状态 2
    CHAR  偏移，并进入状态 3

    INT       [使用规则 20 以归约 (declaration)]
    CHAR      [使用规则 20 以归约 (declaration)]
    $default  使用规则 20 以归约 (declaration)

    type                 转到状态 28
    variable_definition  转到状态 29


状态 12

   37 variable_declaration: variable_definition • SEMICOLON

    SEMICOLON  偏移，并进入状态 30


状态 13

   18 program: function •

    $default  使用规则 18 以归约 (program)


状态 14

   43 function: void •

    $default  使用规则 43 以归约 (function)


状态 15

   44 function: general •

    $default  使用规则 44 以归约 (function)


状态 16

   45 function: main •

    $default  使用规则 45 以归约 (function)


状态 17

   47 general: declaration_head • LPARENT param_list RPARENT LBRACE complex_sentence RBRACE

    LPARENT  偏移，并进入状态 31


状态 18

   24 const_definition: CONST type • const_assign

    ID  偏移，并进入状态 32

    const_assign  转到状态 33


状态 19

   48 main: VOID MAIN • LPARENT RPARENT LBRACE complex_sentence RBRACE

    LPARENT  偏移，并进入状态 34


状态 20

   46 void: VOID ID • LPARENT param_list RPARENT LBRACE complex_sentence RBRACE

    LPARENT  偏移，并进入状态 35


状态 21

    0 $accept: s $end •

    $default  接受


状态 22

    1 s: s program •

    $default  使用规则 1 以归约 (s)


状态 23

   41 variable: ID •
   42         | ID • LBRACK unsigned_number RBRACK
   49 declaration_head: type ID •

    LBRACK  偏移，并进入状态 36

    LPARENT   使用规则 49 以归约 (declaration_head)
    $default  使用规则 41 以归约 (variable)


状态 24

   38 variable_definition: type variable_assign •
   39 variable_assign: variable_assign • COMMA variable

    COMMA  偏移，并进入状态 37

    $default  使用规则 38 以归约 (variable_definition)


状态 25

   40 variable_assign: variable •

    $default  使用规则 40 以归约 (variable_assign)


状态 26

   21 const_declaration: const_declaration const_definition • SEMICOLON
   23 const_definition: const_definition • SEMICOLON CONST type const_assign

    SEMICOLON  偏移，并进入状态 38


状态 27

   22 const_declaration: const_definition SEMICOLON •
   23 const_definition: const_definition SEMICOLON • CONST type const_assign

    CONST  偏移，并进入状态 39

    CONST     [使用规则 22 以归约 (const_declaration)]
    $default  使用规则 22 以归约 (const_declaration)


状态 28

   38 variable_definition: type • variable_assign

    ID  偏移，并进入状态 40

    variable_assign  转到状态 24
    variable         转到状态 25


状态 29

   36 variable_declaration: variable_declaration variable_definition • SEMICOLON

    SEMICOLON  偏移，并进入状态 41


状态 30

   37 variable_declaration: variable_definition SEMICOLON •

    $default  使用规则 37 以归约 (variable_declaration)


状态 31

   47 general: declaration_head LPARENT • param_list RPARENT LBRACE complex_sentence RBRACE

    INT   偏移，并进入状态 2
    CHAR  偏移，并进入状态 3

    $default  使用规则 51 以归约 (param_list)

    type        转到状态 42
    param_list  转到状态 43


状态 32

   26 const_assign: ID • ASSIGN signed_number
   28             | ID • ASSIGN character

    ASSIGN  偏移，并进入状态 44


状态 33

   24 const_definition: CONST type const_assign •
   25 const_assign: const_assign • COMMA ID ASSIGN signed_number
   27             | const_assign • COMMA ID ASSIGN character

    COMMA  偏移，并进入状态 45

    $default  使用规则 24 以归约 (const_definition)


状态 34

   48 main: VOID MAIN LPARENT • RPARENT LBRACE complex_sentence RBRACE

    RPARENT  偏移，并进入状态 46


状态 35

   46 void: VOID ID LPARENT • param_list RPARENT LBRACE complex_sentence RBRACE

    INT   偏移，并进入状态 2
    CHAR  偏移，并进入状态 3

    $default  使用规则 51 以归约 (param_list)

    type        转到状态 42
    param_list  转到状态 47


状态 36

   42 variable: ID LBRACK • unsigned_number RBRACK

    NUMBER  偏移，并进入状态 48
    ZERO    偏移，并进入状态 49

    unsigned_number   转到状态 50
    num_without_sign  转到状态 51


状态 37

   39 variable_assign: variable_assign COMMA • variable

    ID  偏移，并进入状态 40

    variable  转到状态 52


状态 38

   21 const_declaration: const_declaration const_definition SEMICOLON •
   23 const_definition: const_definition SEMICOLON • CONST type const_assign

    CONST  偏移，并进入状态 39

    CONST     [使用规则 21 以归约 (const_declaration)]
    $default  使用规则 21 以归约 (const_declaration)


状态 39

   23 const_definition: const_definition SEMICOLON CONST • type const_assign

    INT   偏移，并进入状态 2
    CHAR  偏移，并进入状态 3

    type  转到状态 53


状态 40

   41 variable: ID •
   42         | ID • LBRACK unsigned_number RBRACK

    LBRACK  偏移，并进入状态 36

    $default  使用规则 41 以归约 (variable)


状态 41

   36 variable_declaration: variable_declaration variable_definition SEMICOLON •

    $default  使用规则 36 以归约 (variable_declaration)


状态 42

   50 param_list: type • param

    ID  偏移，并进入状态 54

    param  转到状态 55


状态 43

   47 general: declaration_head LPARENT param_list • RPARENT LBRACE complex_sentence RBRACE

    RPARENT  偏移，并进入状态 56


状态 44

   26 const_assign: ID ASSIGN • signed_number
   28             | ID ASSIGN • character

    CHARACTER  偏移，并进入状态 57
    NUMBER     偏移，并进入状态 48
    ZERO       偏移，并进入状态 49
    ADD        偏移，并进入状态 58
    SUB        偏移，并进入状态 59

    character         转到状态 60
    unsigned_number   转到状态 61
    signed_number     转到状态 62
    num_with_sign     转到状态 63
    num_without_sign  转到状态 51


状态 45

   25 const_assign: const_assign COMMA • ID ASSIGN signed_number
   27             | const_assign COMMA • ID ASSIGN character

    ID  偏移，并进入状态 64


状态 46

   48 main: VOID MAIN LPARENT RPARENT • LBRACE complex_sentence RBRACE

    LBRACE  偏移，并进入状态 65


状态 47

   46 void: VOID ID LPARENT param_list • RPARENT LBRACE complex_sentence RBRACE

    RPARENT  偏移，并进入状态 66


状态 48

   34 num_without_sign: NUMBER •

    $default  使用规则 34 以归约 (num_without_sign)


状态 49

   35 num_without_sign: ZERO •

    $default  使用规则 35 以归约 (num_without_sign)


状态 50

   42 variable: ID LBRACK unsigned_number • RBRACK

    RBRACK  偏移，并进入状态 67


状态 51

   29 unsigned_number: num_without_sign •

    $default  使用规则 29 以归约 (unsigned_number)


状态 52

   39 variable_assign: variable_assign COMMA variable •

    $default  使用规则 39 以归约 (variable_assign)


状态 53

   23 const_definition: const_definition SEMICOLON CONST type • const_assign

    ID  偏移，并进入状态 32

    const_assign  转到状态 68


状态 54

   52 param: ID •

    $default  使用规则 52 以归约 (param)


状态 55

   50 param_list: type param •
   53 param: param • COMMA type ID

    COMMA  偏移，并进入状态 69

    $default  使用规则 50 以归约 (param_list)


状态 56

   47 general: declaration_head LPARENT param_list RPARENT • LBRACE complex_sentence RBRACE

    LBRACE  偏移，并进入状态 70


状态 57

   13 character: CHARACTER •

    $default  使用规则 13 以归约 (character)


状态 58

   32 num_with_sign: ADD • unsigned_number

    NUMBER  偏移，并进入状态 48
    ZERO    偏移，并进入状态 49

    unsigned_number   转到状态 71
    num_without_sign  转到状态 51


状态 59

   33 num_with_sign: SUB • unsigned_number

    NUMBER  偏移，并进入状态 48
    ZERO    偏移，并进入状态 49

    unsigned_number   转到状态 72
    num_without_sign  转到状态 51


状态 60

   28 const_assign: ID ASSIGN character •

    $default  使用规则 28 以归约 (const_assign)


状态 61

   31 num_with_sign: unsigned_number •

    $default  使用规则 31 以归约 (num_with_sign)


状态 62

   26 const_assign: ID ASSIGN signed_number •

    $default  使用规则 26 以归约 (const_assign)


状态 63

   30 signed_number: num_with_sign •

    $default  使用规则 30 以归约 (signed_number)


状态 64

   25 const_assign: const_assign COMMA ID • ASSIGN signed_number
   27             | const_assign COMMA ID • ASSIGN character

    ASSIGN  偏移，并进入状态 73


状态 65

   48 main: VOID MAIN LPARENT RPARENT LBRACE • complex_sentence RBRACE

    CONST  偏移，并进入状态 1

    const_declaration  转到状态 74
    const_definition   转到状态 10
    complex_sentence   转到状态 75


状态 66

   46 void: VOID ID LPARENT param_list RPARENT • LBRACE complex_sentence RBRACE

    LBRACE  偏移，并进入状态 76


状态 67

   42 variable: ID LBRACK unsigned_number RBRACK •

    $default  使用规则 42 以归约 (variable)


状态 68

   23 const_definition: const_definition SEMICOLON CONST type const_assign •
   25 const_assign: const_assign • COMMA ID ASSIGN signed_number
   27             | const_assign • COMMA ID ASSIGN character

    COMMA  偏移，并进入状态 45

    $default  使用规则 23 以归约 (const_definition)


状态 69

   53 param: param COMMA • type ID

    INT   偏移，并进入状态 2
    CHAR  偏移，并进入状态 3

    type  转到状态 77


状态 70

   47 general: declaration_head LPARENT param_list RPARENT LBRACE • complex_sentence RBRACE

    CONST  偏移，并进入状态 1

    const_declaration  转到状态 74
    const_definition   转到状态 10
    complex_sentence   转到状态 78


状态 71

   32 num_with_sign: ADD unsigned_number •

    $default  使用规则 32 以归约 (num_with_sign)


状态 72

   33 num_with_sign: SUB unsigned_number •

    $default  使用规则 33 以归约 (num_with_sign)


状态 73

   25 const_assign: const_assign COMMA ID ASSIGN • signed_number
   27             | const_assign COMMA ID ASSIGN • character

    CHARACTER  偏移，并进入状态 57
    NUMBER     偏移，并进入状态 48
    ZERO       偏移，并进入状态 49
    ADD        偏移，并进入状态 58
    SUB        偏移，并进入状态 59

    character         转到状态 79
    unsigned_number   转到状态 61
    signed_number     转到状态 80
    num_with_sign     转到状态 63
    num_without_sign  转到状态 51


状态 74

   21 const_declaration: const_declaration • const_definition SEMICOLON
   54 complex_sentence: const_declaration • variable_declaration sentence_list

    CONST  偏移，并进入状态 1
    INT    偏移，并进入状态 2
    CHAR   偏移，并进入状态 3

    type                  转到状态 28
    const_definition      转到状态 26
    variable_declaration  转到状态 81
    variable_definition   转到状态 12


状态 75

   48 main: VOID MAIN LPARENT RPARENT LBRACE complex_sentence • RBRACE

    RBRACE  偏移，并进入状态 82


状态 76

   46 void: VOID ID LPARENT param_list RPARENT LBRACE • complex_sentence RBRACE

    CONST  偏移，并进入状态 1

    const_declaration  转到状态 74
    const_definition   转到状态 10
    complex_sentence   转到状态 83


状态 77

   53 param: param COMMA type • ID

    ID  偏移，并进入状态 84


状态 78

   47 general: declaration_head LPARENT param_list RPARENT LBRACE complex_sentence • RBRACE

    RBRACE  偏移，并进入状态 85


状态 79

   27 const_assign: const_assign COMMA ID ASSIGN character •

    $default  使用规则 27 以归约 (const_assign)


状态 80

   25 const_assign: const_assign COMMA ID ASSIGN signed_number •

    $default  使用规则 25 以归约 (const_assign)


状态 81

   36 variable_declaration: variable_declaration • variable_definition SEMICOLON
   54 complex_sentence: const_declaration variable_declaration • sentence_list

    INT   偏移，并进入状态 2
    CHAR  偏移，并进入状态 3

    $default  使用规则 94 以归约 (sentence_list)

    type                 转到状态 28
    variable_definition  转到状态 29
    sentence_list        转到状态 86


状态 82

   48 main: VOID MAIN LPARENT RPARENT LBRACE complex_sentence RBRACE •

    $default  使用规则 48 以归约 (main)


状态 83

   46 void: VOID ID LPARENT param_list RPARENT LBRACE complex_sentence • RBRACE

    RBRACE  偏移，并进入状态 87


状态 84

   53 param: param COMMA type ID •

    $default  使用规则 53 以归约 (param)


状态 85

   47 general: declaration_head LPARENT param_list RPARENT LBRACE complex_sentence RBRACE •

    $default  使用规则 47 以归约 (general)


状态 86

   54 complex_sentence: const_declaration variable_declaration sentence_list •
   93 sentence_list: sentence_list • sentence

    IF         偏移，并进入状态 88
    DO         偏移，并进入状态 89
    WHILE      偏移，并进入状态 90
    FOR        偏移，并进入状态 91
    SCAN       偏移，并进入状态 92
    PRINT      偏移，并进入状态 93
    RETURN     偏移，并进入状态 94
    ID         偏移，并进入状态 95
    LBRACE     偏移，并进入状态 96
    SEMICOLON  偏移，并进入状态 97

    $default  使用规则 54 以归约 (complex_sentence)

    sentence             转到状态 98
    assign_sentence      转到状态 99
    condition_sentence   转到状态 100
    circle_sentence      转到状态 101
    call_with_return     转到状态 102
    call_without_return  转到状态 103
    read_sentence        转到状态 104
    write_sentence       转到状态 105
    return_sentence      转到状态 106


状态 87

   46 void: VOID ID LPARENT param_list RPARENT LBRACE complex_sentence RBRACE •

    $default  使用规则 46 以归约 (void)


状态 88

   79 condition_sentence: IF • LPARENT condition RPARENT sentence
   80                   | IF • LPARENT condition RPARENT sentence ELSE sentence

    LPARENT  偏移，并进入状态 107


状态 89

   84 circle_sentence: DO • sentence WHILE LPARENT condition RPARENT

    IF         偏移，并进入状态 88
    DO         偏移，并进入状态 89
    WHILE      偏移，并进入状态 90
    FOR        偏移，并进入状态 91
    SCAN       偏移，并进入状态 92
    PRINT      偏移，并进入状态 93
    RETURN     偏移，并进入状态 94
    ID         偏移，并进入状态 95
    LBRACE     偏移，并进入状态 96
    SEMICOLON  偏移，并进入状态 97

    sentence             转到状态 108
    assign_sentence      转到状态 99
    condition_sentence   转到状态 100
    circle_sentence      转到状态 101
    call_with_return     转到状态 102
    call_without_return  转到状态 103
    read_sentence        转到状态 104
    write_sentence       转到状态 105
    return_sentence      转到状态 106


状态 90

   83 circle_sentence: WHILE • LPARENT condition RPARENT sentence

    LPARENT  偏移，并进入状态 109


状态 91

   85 circle_sentence: FOR • LPARENT ID ASSIGN expression SEMICOLON condition SEMICOLON ID ASSIGN ID add_cal step RPARENT sentence

    LPARENT  偏移，并进入状态 110


状态 92

   95 read_sentence: SCAN • LPARENT id_list RPARENT

    LPARENT  偏移，并进入状态 111


状态 93

   98 write_sentence: PRINT • LPARENT string COMMA expression RPARENT
   99               | PRINT • LPARENT string RPARENT
  100               | PRINT • LPARENT expression RPARENT

    LPARENT  偏移，并进入状态 112


状态 94

  101 return_sentence: RETURN • SEMICOLON
  102                | RETURN • LPARENT expression RPARENT

    LPARENT    偏移，并进入状态 113
    SEMICOLON  偏移，并进入状态 114


状态 95

   77 assign_sentence: ID • ASSIGN expression
   78                | ID • LBRACK expression RBRACK ASSIGN expression
   87 call_with_return: ID • LPARENT value_param_list RPARENT
   88 call_without_return: ID • LPARENT value_param_list RPARENT

    LPARENT  偏移，并进入状态 115
    LBRACK   偏移，并进入状态 116
    ASSIGN   偏移，并进入状态 117


状态 96

   69 sentence: LBRACE • sentence_list RBRACE SEMICOLON

    $default  使用规则 94 以归约 (sentence_list)

    sentence_list  转到状态 118


状态 97

   75 sentence: SEMICOLON •

    $default  使用规则 75 以归约 (sentence)


状态 98

   93 sentence_list: sentence_list sentence •

    $default  使用规则 93 以归约 (sentence_list)


状态 99

   72 sentence: assign_sentence • SEMICOLON

    SEMICOLON  偏移，并进入状态 119


状态 100

   67 sentence: condition_sentence • SEMICOLON

    SEMICOLON  偏移，并进入状态 120


状态 101

   68 sentence: circle_sentence • SEMICOLON

    SEMICOLON  偏移，并进入状态 121


状态 102

   70 sentence: call_with_return • SEMICOLON

    SEMICOLON  偏移，并进入状态 122


状态 103

   71 sentence: call_without_return • SEMICOLON

    SEMICOLON  偏移，并进入状态 123


状态 104

   73 sentence: read_sentence • SEMICOLON

    SEMICOLON  偏移，并进入状态 124


状态 105

   74 sentence: write_sentence • SEMICOLON

    SEMICOLON  偏移，并进入状态 125


状态 106

   76 sentence: return_sentence • SEMICOLON

    SEMICOLON  偏移，并进入状态 126


状态 107

   79 condition_sentence: IF LPARENT • condition RPARENT sentence
   80                   | IF LPARENT • condition RPARENT sentence ELSE sentence

    CHARACTER  偏移，并进入状态 57
    ID         偏移，并进入状态 127
    NUMBER     偏移，并进入状态 48
    ZERO       偏移，并进入状态 49
    LPARENT    偏移，并进入状态 128
    ADD        偏移，并进入状态 129
    SUB        偏移，并进入状态 130

    add_cal           转到状态 131
    character         转到状态 132
    unsigned_number   转到状态 61
    signed_number     转到状态 133
    num_with_sign     转到状态 63
    num_without_sign  转到状态 51
    expression        转到状态 134
    expr              转到状态 135
    item              转到状态 136
    fact              转到状态 137
    condition         转到状态 138
    call_with_return  转到状态 139


状态 108

   84 circle_sentence: DO sentence • WHILE LPARENT condition RPARENT

    WHILE  偏移，并进入状态 140


状态 109

   83 circle_sentence: WHILE LPARENT • condition RPARENT sentence

    CHARACTER  偏移，并进入状态 57
    ID         偏移，并进入状态 127
    NUMBER     偏移，并进入状态 48
    ZERO       偏移，并进入状态 49
    LPARENT    偏移，并进入状态 128
    ADD        偏移，并进入状态 129
    SUB        偏移，并进入状态 130

    add_cal           转到状态 131
    character         转到状态 132
    unsigned_number   转到状态 61
    signed_number     转到状态 133
    num_with_sign     转到状态 63
    num_without_sign  转到状态 51
    expression        转到状态 134
    expr              转到状态 135
    item              转到状态 136
    fact              转到状态 137
    condition         转到状态 141
    call_with_return  转到状态 139


状态 110

   85 circle_sentence: FOR LPARENT • ID ASSIGN expression SEMICOLON condition SEMICOLON ID ASSIGN ID add_cal step RPARENT sentence

    ID  偏移，并进入状态 142


状态 111

   95 read_sentence: SCAN LPARENT • id_list RPARENT

    ID  偏移，并进入状态 143

    id_list  转到状态 144


状态 112

   98 write_sentence: PRINT LPARENT • string COMMA expression RPARENT
   99               | PRINT LPARENT • string RPARENT
  100               | PRINT LPARENT • expression RPARENT

    STR        偏移，并进入状态 145
    CHARACTER  偏移，并进入状态 57
    ID         偏移，并进入状态 127
    NUMBER     偏移，并进入状态 48
    ZERO       偏移，并进入状态 49
    LPARENT    偏移，并进入状态 128
    ADD        偏移，并进入状态 129
    SUB        偏移，并进入状态 130

    add_cal           转到状态 131
    character         转到状态 132
    string            转到状态 146
    unsigned_number   转到状态 61
    signed_number     转到状态 133
    num_with_sign     转到状态 63
    num_without_sign  转到状态 51
    expression        转到状态 147
    expr              转到状态 135
    item              转到状态 136
    fact              转到状态 137
    call_with_return  转到状态 139


状态 113

  102 return_sentence: RETURN LPARENT • expression RPARENT

    CHARACTER  偏移，并进入状态 57
    ID         偏移，并进入状态 127
    NUMBER     偏移，并进入状态 48
    ZERO       偏移，并进入状态 49
    LPARENT    偏移，并进入状态 128
    ADD        偏移，并进入状态 129
    SUB        偏移，并进入状态 130

    add_cal           转到状态 131
    character         转到状态 132
    unsigned_number   转到状态 61
    signed_number     转到状态 133
    num_with_sign     转到状态 63
    num_without_sign  转到状态 51
    expression        转到状态 148
    expr              转到状态 135
    item              转到状态 136
    fact              转到状态 137
    call_with_return  转到状态 139


状态 114

  101 return_sentence: RETURN SEMICOLON •

    $default  使用规则 101 以归约 (return_sentence)


状态 115

   87 call_with_return: ID LPARENT • value_param_list RPARENT
   88 call_without_return: ID LPARENT • value_param_list RPARENT

    CHARACTER  偏移，并进入状态 57
    ID         偏移，并进入状态 127
    NUMBER     偏移，并进入状态 48
    ZERO       偏移，并进入状态 49
    LPARENT    偏移，并进入状态 128
    ADD        偏移，并进入状态 129
    SUB        偏移，并进入状态 130

    $default  使用规则 90 以归约 (value_param_list)

    add_cal           转到状态 131
    character         转到状态 132
    unsigned_number   转到状态 61
    signed_number     转到状态 133
    num_with_sign     转到状态 63
    num_without_sign  转到状态 51
    expression        转到状态 149
    expr              转到状态 135
    item              转到状态 136
    fact              转到状态 137
    call_with_return  转到状态 139
    value_param_list  转到状态 150
    table             转到状态 151


状态 116

   78 assign_sentence: ID LBRACK • expression RBRACK ASSIGN expression

    CHARACTER  偏移，并进入状态 57
    ID         偏移，并进入状态 127
    NUMBER     偏移，并进入状态 48
    ZERO       偏移，并进入状态 49
    LPARENT    偏移，并进入状态 128
    ADD        偏移，并进入状态 129
    SUB        偏移，并进入状态 130

    add_cal           转到状态 131
    character         转到状态 132
    unsigned_number   转到状态 61
    signed_number     转到状态 133
    num_with_sign     转到状态 63
    num_without_sign  转到状态 51
    expression        转到状态 152
    expr              转到状态 135
    item              转到状态 136
    fact              转到状态 137
    call_with_return  转到状态 139


状态 117

   77 assign_sentence: ID ASSIGN • expression

    CHARACTER  偏移，并进入状态 57
    ID         偏移，并进入状态 127
    NUMBER     偏移，并进入状态 48
    ZERO       偏移，并进入状态 49
    LPARENT    偏移，并进入状态 128
    ADD        偏移，并进入状态 129
    SUB        偏移，并进入状态 130

    add_cal           转到状态 131
    character         转到状态 132
    unsigned_number   转到状态 61
    signed_number     转到状态 133
    num_with_sign     转到状态 63
    num_without_sign  转到状态 51
    expression        转到状态 153
    expr              转到状态 135
    item              转到状态 136
    fact              转到状态 137
    call_with_return  转到状态 139


状态 118

   69 sentence: LBRACE sentence_list • RBRACE SEMICOLON
   93 sentence_list: sentence_list • sentence

    IF         偏移，并进入状态 88
    DO         偏移，并进入状态 89
    WHILE      偏移，并进入状态 90
    FOR        偏移，并进入状态 91
    SCAN       偏移，并进入状态 92
    PRINT      偏移，并进入状态 93
    RETURN     偏移，并进入状态 94
    ID         偏移，并进入状态 95
    LBRACE     偏移，并进入状态 96
    RBRACE     偏移，并进入状态 154
    SEMICOLON  偏移，并进入状态 97

    sentence             转到状态 98
    assign_sentence      转到状态 99
    condition_sentence   转到状态 100
    circle_sentence      转到状态 101
    call_with_return     转到状态 102
    call_without_return  转到状态 103
    read_sentence        转到状态 104
    write_sentence       转到状态 105
    return_sentence      转到状态 106


状态 119

   72 sentence: assign_sentence SEMICOLON •

    $default  使用规则 72 以归约 (sentence)


状态 120

   67 sentence: condition_sentence SEMICOLON •

    $default  使用规则 67 以归约 (sentence)


状态 121

   68 sentence: circle_sentence SEMICOLON •

    $default  使用规则 68 以归约 (sentence)


状态 122

   70 sentence: call_with_return SEMICOLON •

    $default  使用规则 70 以归约 (sentence)


状态 123

   71 sentence: call_without_return SEMICOLON •

    $default  使用规则 71 以归约 (sentence)


状态 124

   73 sentence: read_sentence SEMICOLON •

    $default  使用规则 73 以归约 (sentence)


状态 125

   74 sentence: write_sentence SEMICOLON •

    $default  使用规则 74 以归约 (sentence)


状态 126

   76 sentence: return_sentence SEMICOLON •

    $default  使用规则 76 以归约 (sentence)


状态 127

   61 fact: ID •
   62     | ID • LBRACK expression RBRACK
   87 call_with_return: ID • LPARENT value_param_list RPARENT

    LPARENT  偏移，并进入状态 155
    LBRACK   偏移，并进入状态 156

    $default  使用规则 61 以归约 (fact)


状态 128

   63 fact: LPARENT • expression RPARENT

    CHARACTER  偏移，并进入状态 57
    ID         偏移，并进入状态 127
    NUMBER     偏移，并进入状态 48
    ZERO       偏移，并进入状态 49
    LPARENT    偏移，并进入状态 128
    ADD        偏移，并进入状态 129
    SUB        偏移，并进入状态 130

    add_cal           转到状态 131
    character         转到状态 132
    unsigned_number   转到状态 61
    signed_number     转到状态 133
    num_with_sign     转到状态 63
    num_without_sign  转到状态 51
    expression        转到状态 157
    expr              转到状态 135
    item              转到状态 136
    fact              转到状态 137
    call_with_return  转到状态 139


状态 129

    3 add_cal: ADD •
   32 num_with_sign: ADD • unsigned_number

    NUMBER  偏移，并进入状态 48
    ZERO    偏移，并进入状态 49

    NUMBER    [使用规则 3 以归约 (add_cal)]
    ZERO      [使用规则 3 以归约 (add_cal)]
    $default  使用规则 3 以归约 (add_cal)

    unsigned_number   转到状态 71
    num_without_sign  转到状态 51


状态 130

    4 add_cal: SUB •
   33 num_with_sign: SUB • unsigned_number

    NUMBER  偏移，并进入状态 48
    ZERO    偏移，并进入状态 49

    NUMBER    [使用规则 4 以归约 (add_cal)]
    ZERO      [使用规则 4 以归约 (add_cal)]
    $default  使用规则 4 以归约 (add_cal)

    unsigned_number   转到状态 72
    num_without_sign  转到状态 51


状态 131

   57 expr: add_cal • item

    CHARACTER  偏移，并进入状态 57
    ID         偏移，并进入状态 127
    NUMBER     偏移，并进入状态 48
    ZERO       偏移，并进入状态 49
    LPARENT    偏移，并进入状态 128
    ADD        偏移，并进入状态 58
    SUB        偏移，并进入状态 59

    character         转到状态 132
    unsigned_number   转到状态 61
    signed_number     转到状态 133
    num_with_sign     转到状态 63
    num_without_sign  转到状态 51
    item              转到状态 158
    fact              转到状态 137
    call_with_return  转到状态 139


状态 132

   65 fact: character •

    $default  使用规则 65 以归约 (fact)


状态 133

   64 fact: signed_number •

    $default  使用规则 64 以归约 (fact)


状态 134

   55 expression: expression • add_cal item
   81 condition: expression • relation_cal expression
   82          | expression •

    NEQ  偏移，并进入状态 159
    EQL  偏移，并进入状态 160
    LSS  偏移，并进入状态 161
    GRE  偏移，并进入状态 162
    LEQ  偏移，并进入状态 163
    GEQ  偏移，并进入状态 164
    ADD  偏移，并进入状态 165
    SUB  偏移，并进入状态 166

    $default  使用规则 82 以归约 (condition)

    add_cal       转到状态 167
    relation_cal  转到状态 168


状态 135

   56 expression: expr •

    $default  使用规则 56 以归约 (expression)


状态 136

   58 expr: item •
   59 item: item • mul_cal fact

    MUL  偏移，并进入状态 169
    DIV  偏移，并进入状态 170

    $default  使用规则 58 以归约 (expr)

    mul_cal  转到状态 171


状态 137

   60 item: fact •

    $default  使用规则 60 以归约 (item)


状态 138

   79 condition_sentence: IF LPARENT condition • RPARENT sentence
   80                   | IF LPARENT condition • RPARENT sentence ELSE sentence

    RPARENT  偏移，并进入状态 172


状态 139

   66 fact: call_with_return •

    $default  使用规则 66 以归约 (fact)


状态 140

   84 circle_sentence: DO sentence WHILE • LPARENT condition RPARENT

    LPARENT  偏移，并进入状态 173


状态 141

   83 circle_sentence: WHILE LPARENT condition • RPARENT sentence

    RPARENT  偏移，并进入状态 174


状态 142

   85 circle_sentence: FOR LPARENT ID • ASSIGN expression SEMICOLON condition SEMICOLON ID ASSIGN ID add_cal step RPARENT sentence

    ASSIGN  偏移，并进入状态 175


状态 143

   96 id_list: ID •

    $default  使用规则 96 以归约 (id_list)


状态 144

   95 read_sentence: SCAN LPARENT id_list • RPARENT
   97 id_list: id_list • COMMA ID

    RPARENT  偏移，并进入状态 176
    COMMA    偏移，并进入状态 177


状态 145

   16 string: STR •

    $default  使用规则 16 以归约 (string)


状态 146

   98 write_sentence: PRINT LPARENT string • COMMA expression RPARENT
   99               | PRINT LPARENT string • RPARENT

    RPARENT  偏移，并进入状态 178
    COMMA    偏移，并进入状态 179


状态 147

   55 expression: expression • add_cal item
  100 write_sentence: PRINT LPARENT expression • RPARENT

    RPARENT  偏移，并进入状态 180
    ADD      偏移，并进入状态 165
    SUB      偏移，并进入状态 166

    add_cal  转到状态 167


状态 148

   55 expression: expression • add_cal item
  102 return_sentence: RETURN LPARENT expression • RPARENT

    RPARENT  偏移，并进入状态 181
    ADD      偏移，并进入状态 165
    SUB      偏移，并进入状态 166

    add_cal  转到状态 167


状态 149

   55 expression: expression • add_cal item
   91 table: expression •

    ADD  偏移，并进入状态 165
    SUB  偏移，并进入状态 166

    $default  使用规则 91 以归约 (table)

    add_cal  转到状态 167


状态 150

   87 call_with_return: ID LPARENT value_param_list • RPARENT
   88 call_without_return: ID LPARENT value_param_list • RPARENT

    RPARENT  偏移，并进入状态 182


状态 151

   89 value_param_list: table •
   92 table: table • COMMA expression

    COMMA  偏移，并进入状态 183

    $default  使用规则 89 以归约 (value_param_list)


状态 152

   55 expression: expression • add_cal item
   78 assign_sentence: ID LBRACK expression • RBRACK ASSIGN expression

    RBRACK  偏移，并进入状态 184
    ADD     偏移，并进入状态 165
    SUB     偏移，并进入状态 166

    add_cal  转到状态 167


状态 153

   55 expression: expression • add_cal item
   77 assign_sentence: ID ASSIGN expression •

    ADD  偏移，并进入状态 165
    SUB  偏移，并进入状态 166

    $default  使用规则 77 以归约 (assign_sentence)

    add_cal  转到状态 167


状态 154

   69 sentence: LBRACE sentence_list RBRACE • SEMICOLON

    SEMICOLON  偏移，并进入状态 185


状态 155

   87 call_with_return: ID LPARENT • value_param_list RPARENT

    CHARACTER  偏移，并进入状态 57
    ID         偏移，并进入状态 127
    NUMBER     偏移，并进入状态 48
    ZERO       偏移，并进入状态 49
    LPARENT    偏移，并进入状态 128
    ADD        偏移，并进入状态 129
    SUB        偏移，并进入状态 130

    $default  使用规则 90 以归约 (value_param_list)

    add_cal           转到状态 131
    character         转到状态 132
    unsigned_number   转到状态 61
    signed_number     转到状态 133
    num_with_sign     转到状态 63
    num_without_sign  转到状态 51
    expression        转到状态 149
    expr              转到状态 135
    item              转到状态 136
    fact              转到状态 137
    call_with_return  转到状态 139
    value_param_list  转到状态 186
    table             转到状态 151


状态 156

   62 fact: ID LBRACK • expression RBRACK

    CHARACTER  偏移，并进入状态 57
    ID         偏移，并进入状态 127
    NUMBER     偏移，并进入状态 48
    ZERO       偏移，并进入状态 49
    LPARENT    偏移，并进入状态 128
    ADD        偏移，并进入状态 129
    SUB        偏移，并进入状态 130

    add_cal           转到状态 131
    character         转到状态 132
    unsigned_number   转到状态 61
    signed_number     转到状态 133
    num_with_sign     转到状态 63
    num_without_sign  转到状态 51
    expression        转到状态 187
    expr              转到状态 135
    item              转到状态 136
    fact              转到状态 137
    call_with_return  转到状态 139


状态 157

   55 expression: expression • add_cal item
   63 fact: LPARENT expression • RPARENT

    RPARENT  偏移，并进入状态 188
    ADD      偏移，并进入状态 165
    SUB      偏移，并进入状态 166

    add_cal  转到状态 167


状态 158

   57 expr: add_cal item •
   59 item: item • mul_cal fact

    MUL  偏移，并进入状态 169
    DIV  偏移，并进入状态 170

    $default  使用规则 57 以归约 (expr)

    mul_cal  转到状态 171


状态 159

    7 relation_cal: NEQ •

    $default  使用规则 7 以归约 (relation_cal)


状态 160

    8 relation_cal: EQL •

    $default  使用规则 8 以归约 (relation_cal)


状态 161

    9 relation_cal: LSS •

    $default  使用规则 9 以归约 (relation_cal)


状态 162

   10 relation_cal: GRE •

    $default  使用规则 10 以归约 (relation_cal)


状态 163

   11 relation_cal: LEQ •

    $default  使用规则 11 以归约 (relation_cal)


状态 164

   12 relation_cal: GEQ •

    $default  使用规则 12 以归约 (relation_cal)


状态 165

    3 add_cal: ADD •

    $default  使用规则 3 以归约 (add_cal)


状态 166

    4 add_cal: SUB •

    $default  使用规则 4 以归约 (add_cal)


状态 167

   55 expression: expression add_cal • item

    CHARACTER  偏移，并进入状态 57
    ID         偏移，并进入状态 127
    NUMBER     偏移，并进入状态 48
    ZERO       偏移，并进入状态 49
    LPARENT    偏移，并进入状态 128
    ADD        偏移，并进入状态 58
    SUB        偏移，并进入状态 59

    character         转到状态 132
    unsigned_number   转到状态 61
    signed_number     转到状态 133
    num_with_sign     转到状态 63
    num_without_sign  转到状态 51
    item              转到状态 189
    fact              转到状态 137
    call_with_return  转到状态 139


状态 168

   81 condition: expression relation_cal • expression

    CHARACTER  偏移，并进入状态 57
    ID         偏移，并进入状态 127
    NUMBER     偏移，并进入状态 48
    ZERO       偏移，并进入状态 49
    LPARENT    偏移，并进入状态 128
    ADD        偏移，并进入状态 129
    SUB        偏移，并进入状态 130

    add_cal           转到状态 131
    character         转到状态 132
    unsigned_number   转到状态 61
    signed_number     转到状态 133
    num_with_sign     转到状态 63
    num_without_sign  转到状态 51
    expression        转到状态 190
    expr              转到状态 135
    item              转到状态 136
    fact              转到状态 137
    call_with_return  转到状态 139


状态 169

    5 mul_cal: MUL •

    $default  使用规则 5 以归约 (mul_cal)


状态 170

    6 mul_cal: DIV •

    $default  使用规则 6 以归约 (mul_cal)


状态 171

   59 item: item mul_cal • fact

    CHARACTER  偏移，并进入状态 57
    ID         偏移，并进入状态 127
    NUMBER     偏移，并进入状态 48
    ZERO       偏移，并进入状态 49
    LPARENT    偏移，并进入状态 128
    ADD        偏移，并进入状态 58
    SUB        偏移，并进入状态 59

    character         转到状态 132
    unsigned_number   转到状态 61
    signed_number     转到状态 133
    num_with_sign     转到状态 63
    num_without_sign  转到状态 51
    fact              转到状态 191
    call_with_return  转到状态 139


状态 172

   79 condition_sentence: IF LPARENT condition RPARENT • sentence
   80                   | IF LPARENT condition RPARENT • sentence ELSE sentence

    IF         偏移，并进入状态 88
    DO         偏移，并进入状态 89
    WHILE      偏移，并进入状态 90
    FOR        偏移，并进入状态 91
    SCAN       偏移，并进入状态 92
    PRINT      偏移，并进入状态 93
    RETURN     偏移，并进入状态 94
    ID         偏移，并进入状态 95
    LBRACE     偏移，并进入状态 96
    SEMICOLON  偏移，并进入状态 97

    sentence             转到状态 192
    assign_sentence      转到状态 99
    condition_sentence   转到状态 100
    circle_sentence      转到状态 101
    call_with_return     转到状态 102
    call_without_return  转到状态 103
    read_sentence        转到状态 104
    write_sentence       转到状态 105
    return_sentence      转到状态 106


状态 173

   84 circle_sentence: DO sentence WHILE LPARENT • condition RPARENT

    CHARACTER  偏移，并进入状态 57
    ID         偏移，并进入状态 127
    NUMBER     偏移，并进入状态 48
    ZERO       偏移，并进入状态 49
    LPARENT    偏移，并进入状态 128
    ADD        偏移，并进入状态 129
    SUB        偏移，并进入状态 130

    add_cal           转到状态 131
    character         转到状态 132
    unsigned_number   转到状态 61
    signed_number     转到状态 133
    num_with_sign     转到状态 63
    num_without_sign  转到状态 51
    expression        转到状态 134
    expr              转到状态 135
    item              转到状态 136
    fact              转到状态 137
    condition         转到状态 193
    call_with_return  转到状态 139


状态 174

   83 circle_sentence: WHILE LPARENT condition RPARENT • sentence

    IF         偏移，并进入状态 88
    DO         偏移，并进入状态 89
    WHILE      偏移，并进入状态 90
    FOR        偏移，并进入状态 91
    SCAN       偏移，并进入状态 92
    PRINT      偏移，并进入状态 93
    RETURN     偏移，并进入状态 94
    ID         偏移，并进入状态 95
    LBRACE     偏移，并进入状态 96
    SEMICOLON  偏移，并进入状态 97

    sentence             转到状态 194
    assign_sentence      转到状态 99
    condition_sentence   转到状态 100
    circle_sentence      转到状态 101
    call_with_return     转到状态 102
    call_without_return  转到状态 103
    read_sentence        转到状态 104
    write_sentence       转到状态 105
    return_sentence      转到状态 106


状态 175

   85 circle_sentence: FOR LPARENT ID ASSIGN • expression SEMICOLON condition SEMICOLON ID ASSIGN ID add_cal step RPARENT sentence

    CHARACTER  偏移，并进入状态 57
    ID         偏移，并进入状态 127
    NUMBER     偏移，并进入状态 48
    ZERO       偏移，并进入状态 49
    LPARENT    偏移，并进入状态 128
    ADD        偏移，并进入状态 129
    SUB        偏移，并进入状态 130

    add_cal           转到状态 131
    character         转到状态 132
    unsigned_number   转到状态 61
    signed_number     转到状态 133
    num_with_sign     转到状态 63
    num_without_sign  转到状态 51
    expression        转到状态 195
    expr              转到状态 135
    item              转到状态 136
    fact              转到状态 137
    call_with_return  转到状态 139


状态 176

   95 read_sentence: SCAN LPARENT id_list RPARENT •

    $default  使用规则 95 以归约 (read_sentence)


状态 177

   97 id_list: id_list COMMA • ID

    ID  偏移，并进入状态 196


状态 178

   99 write_sentence: PRINT LPARENT string RPARENT •

    $default  使用规则 99 以归约 (write_sentence)


状态 179

   98 write_sentence: PRINT LPARENT string COMMA • expression RPARENT

    CHARACTER  偏移，并进入状态 57
    ID         偏移，并进入状态 127
    NUMBER     偏移，并进入状态 48
    ZERO       偏移，并进入状态 49
    LPARENT    偏移，并进入状态 128
    ADD        偏移，并进入状态 129
    SUB        偏移，并进入状态 130

    add_cal           转到状态 131
    character         转到状态 132
    unsigned_number   转到状态 61
    signed_number     转到状态 133
    num_with_sign     转到状态 63
    num_without_sign  转到状态 51
    expression        转到状态 197
    expr              转到状态 135
    item              转到状态 136
    fact              转到状态 137
    call_with_return  转到状态 139


状态 180

  100 write_sentence: PRINT LPARENT expression RPARENT •

    $default  使用规则 100 以归约 (write_sentence)


状态 181

  102 return_sentence: RETURN LPARENT expression RPARENT •

    $default  使用规则 102 以归约 (return_sentence)


状态 182

   87 call_with_return: ID LPARENT value_param_list RPARENT •
   88 call_without_return: ID LPARENT value_param_list RPARENT •

    SEMICOLON  使用规则 87 以归约 (call_with_return)
    SEMICOLON  [使用规则 88 以归约 (call_without_return)]
    $default   使用规则 87 以归约 (call_with_return)


状态 183

   92 table: table COMMA • expression

    CHARACTER  偏移，并进入状态 57
    ID         偏移，并进入状态 127
    NUMBER     偏移，并进入状态 48
    ZERO       偏移，并进入状态 49
    LPARENT    偏移，并进入状态 128
    ADD        偏移，并进入状态 129
    SUB        偏移，并进入状态 130

    add_cal           转到状态 131
    character         转到状态 132
    unsigned_number   转到状态 61
    signed_number     转到状态 133
    num_with_sign     转到状态 63
    num_without_sign  转到状态 51
    expression        转到状态 198
    expr              转到状态 135
    item              转到状态 136
    fact              转到状态 137
    call_with_return  转到状态 139


状态 184

   78 assign_sentence: ID LBRACK expression RBRACK • ASSIGN expression

    ASSIGN  偏移，并进入状态 199


状态 185

   69 sentence: LBRACE sentence_list RBRACE SEMICOLON •

    $default  使用规则 69 以归约 (sentence)


状态 186

   87 call_with_return: ID LPARENT value_param_list • RPARENT

    RPARENT  偏移，并进入状态 200


状态 187

   55 expression: expression • add_cal item
   62 fact: ID LBRACK expression • RBRACK

    RBRACK  偏移，并进入状态 201
    ADD     偏移，并进入状态 165
    SUB     偏移，并进入状态 166

    add_cal  转到状态 167


状态 188

   63 fact: LPARENT expression RPARENT •

    $default  使用规则 63 以归约 (fact)


状态 189

   55 expression: expression add_cal item •
   59 item: item • mul_cal fact

    MUL  偏移，并进入状态 169
    DIV  偏移，并进入状态 170

    $default  使用规则 55 以归约 (expression)

    mul_cal  转到状态 171


状态 190

   55 expression: expression • add_cal item
   81 condition: expression relation_cal expression •

    ADD  偏移，并进入状态 165
    SUB  偏移，并进入状态 166

    $default  使用规则 81 以归约 (condition)

    add_cal  转到状态 167


状态 191

   59 item: item mul_cal fact •

    $default  使用规则 59 以归约 (item)


状态 192

   79 condition_sentence: IF LPARENT condition RPARENT sentence •
   80                   | IF LPARENT condition RPARENT sentence • ELSE sentence

    ELSE  偏移，并进入状态 202

    $default  使用规则 79 以归约 (condition_sentence)


状态 193

   84 circle_sentence: DO sentence WHILE LPARENT condition • RPARENT

    RPARENT  偏移，并进入状态 203


状态 194

   83 circle_sentence: WHILE LPARENT condition RPARENT sentence •

    $default  使用规则 83 以归约 (circle_sentence)


状态 195

   55 expression: expression • add_cal item
   85 circle_sentence: FOR LPARENT ID ASSIGN expression • SEMICOLON condition SEMICOLON ID ASSIGN ID add_cal step RPARENT sentence

    SEMICOLON  偏移，并进入状态 204
    ADD        偏移，并进入状态 165
    SUB        偏移，并进入状态 166

    add_cal  转到状态 167


状态 196

   97 id_list: id_list COMMA ID •

    $default  使用规则 97 以归约 (id_list)


状态 197

   55 expression: expression • add_cal item
   98 write_sentence: PRINT LPARENT string COMMA expression • RPARENT

    RPARENT  偏移，并进入状态 205
    ADD      偏移，并进入状态 165
    SUB      偏移，并进入状态 166

    add_cal  转到状态 167


状态 198

   55 expression: expression • add_cal item
   92 table: table COMMA expression •

    ADD  偏移，并进入状态 165
    SUB  偏移，并进入状态 166

    $default  使用规则 92 以归约 (table)

    add_cal  转到状态 167


状态 199

   78 assign_sentence: ID LBRACK expression RBRACK ASSIGN • expression

    CHARACTER  偏移，并进入状态 57
    ID         偏移，并进入状态 127
    NUMBER     偏移，并进入状态 48
    ZERO       偏移，并进入状态 49
    LPARENT    偏移，并进入状态 128
    ADD        偏移，并进入状态 129
    SUB        偏移，并进入状态 130

    add_cal           转到状态 131
    character         转到状态 132
    unsigned_number   转到状态 61
    signed_number     转到状态 133
    num_with_sign     转到状态 63
    num_without_sign  转到状态 51
    expression        转到状态 206
    expr              转到状态 135
    item              转到状态 136
    fact              转到状态 137
    call_with_return  转到状态 139


状态 200

   87 call_with_return: ID LPARENT value_param_list RPARENT •

    $default  使用规则 87 以归约 (call_with_return)


状态 201

   62 fact: ID LBRACK expression RBRACK •

    $default  使用规则 62 以归约 (fact)


状态 202

   80 condition_sentence: IF LPARENT condition RPARENT sentence ELSE • sentence

    IF         偏移，并进入状态 88
    DO         偏移，并进入状态 89
    WHILE      偏移，并进入状态 90
    FOR        偏移，并进入状态 91
    SCAN       偏移，并进入状态 92
    PRINT      偏移，并进入状态 93
    RETURN     偏移，并进入状态 94
    ID         偏移，并进入状态 95
    LBRACE     偏移，并进入状态 96
    SEMICOLON  偏移，并进入状态 97

    sentence             转到状态 207
    assign_sentence      转到状态 99
    condition_sentence   转到状态 100
    circle_sentence      转到状态 101
    call_with_return     转到状态 102
    call_without_return  转到状态 103
    read_sentence        转到状态 104
    write_sentence       转到状态 105
    return_sentence      转到状态 106


状态 203

   84 circle_sentence: DO sentence WHILE LPARENT condition RPARENT •

    $default  使用规则 84 以归约 (circle_sentence)


状态 204

   85 circle_sentence: FOR LPARENT ID ASSIGN expression SEMICOLON • condition SEMICOLON ID ASSIGN ID add_cal step RPARENT sentence

    CHARACTER  偏移，并进入状态 57
    ID         偏移，并进入状态 127
    NUMBER     偏移，并进入状态 48
    ZERO       偏移，并进入状态 49
    LPARENT    偏移，并进入状态 128
    ADD        偏移，并进入状态 129
    SUB        偏移，并进入状态 130

    add_cal           转到状态 131
    character         转到状态 132
    unsigned_number   转到状态 61
    signed_number     转到状态 133
    num_with_sign     转到状态 63
    num_without_sign  转到状态 51
    expression        转到状态 134
    expr              转到状态 135
    item              转到状态 136
    fact              转到状态 137
    condition         转到状态 208
    call_with_return  转到状态 139


状态 205

   98 write_sentence: PRINT LPARENT string COMMA expression RPARENT •

    $default  使用规则 98 以归约 (write_sentence)


状态 206

   55 expression: expression • add_cal item
   78 assign_sentence: ID LBRACK expression RBRACK ASSIGN expression •

    ADD  偏移，并进入状态 165
    SUB  偏移，并进入状态 166

    $default  使用规则 78 以归约 (assign_sentence)

    add_cal  转到状态 167


状态 207

   80 condition_sentence: IF LPARENT condition RPARENT sentence ELSE sentence •

    $default  使用规则 80 以归约 (condition_sentence)


状态 208

   85 circle_sentence: FOR LPARENT ID ASSIGN expression SEMICOLON condition • SEMICOLON ID ASSIGN ID add_cal step RPARENT sentence

    SEMICOLON  偏移，并进入状态 209


状态 209

   85 circle_sentence: FOR LPARENT ID ASSIGN expression SEMICOLON condition SEMICOLON • ID ASSIGN ID add_cal step RPARENT sentence

    ID  偏移，并进入状态 210


状态 210

   85 circle_sentence: FOR LPARENT ID ASSIGN expression SEMICOLON condition SEMICOLON ID • ASSIGN ID add_cal step RPARENT sentence

    ASSIGN  偏移，并进入状态 211


状态 211

   85 circle_sentence: FOR LPARENT ID ASSIGN expression SEMICOLON condition SEMICOLON ID ASSIGN • ID add_cal step RPARENT sentence

    ID  偏移，并进入状态 212


状态 212

   85 circle_sentence: FOR LPARENT ID ASSIGN expression SEMICOLON condition SEMICOLON ID ASSIGN ID • add_cal step RPARENT sentence

    ADD  偏移，并进入状态 165
    SUB  偏移，并进入状态 166

    add_cal  转到状态 213


状态 213

   85 circle_sentence: FOR LPARENT ID ASSIGN expression SEMICOLON condition SEMICOLON ID ASSIGN ID add_cal • step RPARENT sentence

    NUMBER  偏移，并进入状态 48
    ZERO    偏移，并进入状态 49

    unsigned_number   转到状态 214
    num_without_sign  转到状态 51
    step              转到状态 215


状态 214

   86 step: unsigned_number •

    $default  使用规则 86 以归约 (step)


状态 215

   85 circle_sentence: FOR LPARENT ID ASSIGN expression SEMICOLON condition SEMICOLON ID ASSIGN ID add_cal step • RPARENT sentence

    RPARENT  偏移，并进入状态 216


状态 216

   85 circle_sentence: FOR LPARENT ID ASSIGN expression SEMICOLON condition SEMICOLON ID ASSIGN ID add_cal step RPARENT • sentence

    IF         偏移，并进入状态 88
    DO         偏移，并进入状态 89
    WHILE      偏移，并进入状态 90
    FOR        偏移，并进入状态 91
    SCAN       偏移，并进入状态 92
    PRINT      偏移，并进入状态 93
    RETURN     偏移，并进入状态 94
    ID         偏移，并进入状态 95
    LBRACE     偏移，并进入状态 96
    SEMICOLON  偏移，并进入状态 97

    sentence             转到状态 217
    assign_sentence      转到状态 99
    condition_sentence   转到状态 100
    circle_sentence      转到状态 101
    call_with_return     转到状态 102
    call_without_return  转到状态 103
    read_sentence        转到状态 104
    write_sentence       转到状态 105
    return_sentence      转到状态 106


状态 217

   85 circle_sentence: FOR LPARENT ID ASSIGN expression SEMICOLON condition SEMICOLON ID ASSIGN ID add_cal step RPARENT sentence •

    $default  使用规则 85 以归约 (circle_sentence)
